C51 COMPILER V9.00   MAIN                                                                  11/25/2020 20:13:27 PAGE 1   


C51 COMPILER V9.00, COMPILATION OF MODULE MAIN
OBJECT MODULE PLACED IN .\Objects\main.obj
COMPILER INVOKED BY: C:\Keil_v5\C51\BIN\C51.EXE main.c LARGE OPTIMIZE(8,SPEED) BROWSE INCDIR(.\HARD\KEYSCAN;.\HARD\TM164
                    -0;.\HARD;.\HARD\UART\STC8;.\HARD\delay;.\HARD\printf;.\HARD\MPU430-SPI;.\HARD\interface;.\HARD\TAST) DEBUG OBJECTEXTEND 
                    -PRINT(.\Listings\main.lst) OBJECT(.\Objects\main.obj)

line level    source

   1          #include "uhead.h"
   2          #include "keyscan.h"
   3          #include "key.h"
   4          #include "TM1640.H"
   5          #include "smg.h"
   6          #include "eeprom.h"
   7          #include "myflash.h"
   8          #include "spi.h"
   9          #include "interface.h"
  10          #include "addprocessTask.h"
  11          #include "List4_Malloc.H"
  12          
  13          
  14          sbit    beep = P1^2;    
  15          sbit    led2 = P2^4;            // 板子上的LED
  16          u32     sys_time = 0;           // 系统时钟
  17          bit     flag_tm1640 = 0;        // 数码管驱动芯片显示标志
  18          bit             flag_second = 0;        // 秒计时
  19          u16     t = 0;
  20          u8              ledi = 0;
  21          bit     flag_led = 1;
  22          
  23          KEY_STATE_T key = {0};
  24          u8 key_val = 0;
  25          
  26          //sysParam param = {0};         // 系统相关参数都在这里
  27          
  28          
  29          void main(void)
  30          {
  31   1              beep = 0;
  32   1              Key_GPIO_Init();
  33   1              UartStartIT();                                          // 115200,TIM1做波特率发生器
  34   1              delay_ms(500);
  35   1              
  36   1              malloc_init();
  37   1              debug("start:\r\n");
  38   1              Timer0Init();
  39   1              SPI_Init();
  40   1              pa.pInterface = &faceClose;
  41   1              GroupDatInit();                         // 读EEPROM编程数据
  42   1      
  43   1              while(1)
  44   1              {
  45   2                      pa.keyval = Key_Scan(&key);                                     // 获得键值
  46   2                      if(key.val_led != 0 && (key.val_led & 0x7f)<LED_FAN0)
  47   2                      {
  48   3                              if(key.val_led & 0x80)// 抬起
  49   3                              {
  50   4                                      LED_Show((key.val_led & 0x7f),0);
  51   4                                      key.val_led = 0;
  52   4                              }else LED_Show(key.val_led,1);
  53   3              
C51 COMPILER V9.00   MAIN                                                                  11/25/2020 20:13:27 PAGE 2   

  54   3                      }
  55   2                      
  56   2                      ((interface*)pa.pInterface)->keyfun(&pa);                                                       // 处理按键函数
  57   2                      ((interface*)pa.pInterface)->timeShow(&pa);                                                     // 时间数码管显示函数
  58   2                      ((interface*)pa.pInterface)->tempShow(&pa);                                                     // 温度数码管显示函数
  59   2                      ((interface*)pa.pInterface)->steamShow(&pa);                                            // 蒸汽数码管显示函数
  60   2                      SPI_commProcess();                                                              // 读温度
  61   2                      
  62   2                      pa.temp = tc[0].measPV;                                         // 计算温度平均值
  63   2      
  64   2                      if(flag_tm1640)                                                                 // 数码管芯片显示       
  65   2                      {
  66   3                              flag_tm1640 = 0;
  67   3                              TM1640_AtoShow(0, smgbuf,0x0f);
  68   3                      }
  69   2                      
  70   2      //              if(flag_second)
  71   2      //              {
  72   2      //                      flag_second = 0;
  73   2      //                      t ++;
  74   2      //              }
  75   2              }
  76   1      }
  77          
  78          // 1ms 中断//led2 = !led2;
  79          void Timer0() interrupt 1
  80          {
  81   1              static u16 tm1640_c = 0;                // 1640数码管驱动显示间隔       
  82   1              static u16 time = 0;
  83   1              time++;
  84   1              if(time >= 1000)                // 1s间隔
  85   1              {
  86   2                      time = 0;
  87   2                      flag_second = 1;
  88   2              }
  89   1              
  90   1              tm1640_c ++;
  91   1              if(tm1640_c > 130)      // 数码管送显示间隔
  92   1              {
  93   2                      tm1640_c = 0;
  94   2                      flag_tm1640 = 1;
  95   2              }
  96   1              sys_time ++;    // 系统时钟计时
  97   1                      //////SPI相关计时/////
  98   1              if(spi.enable&&spi.status==0)
  99   1                      spi.idleTime++; //SPI通信空闲计时
 100   1              else
 101   1                      spi.idleTime=0;
 102   1              
 103   1      }
 104          
 105          
 106          


MODULE INFORMATION:   STATIC OVERLAYABLE
   CODE SIZE        =    508    ----
   CONSTANT SIZE    =      9    ----
   XDATA SIZE       =     20    ----
   PDATA SIZE       =   ----    ----
   DATA SIZE        =   ----    ----
   IDATA SIZE       =   ----    ----
C51 COMPILER V9.00   MAIN                                                                  11/25/2020 20:13:27 PAGE 3   

   BIT SIZE         =      3    ----
END OF MODULE INFORMATION.


C51 COMPILATION COMPLETE.  0 WARNING(S),  0 ERROR(S)
